{"message":"test-folder is required","level":"error"}
{"message":"undefined is required","level":"error"}
{"message":"test-folder is required","level":"error"}
{"message":"test-folder is required","level":"error"}
{"message":" Folder with id 2 created.","level":"info"}
{"message":" Folder with id 3 created.","level":"info"}
{"message":" Folder with id 5 created.","level":"info"}
{"message":" Folder with id 6 created.","level":"info"}
{"message":" Folder with id 7 created.","level":"info"}
{"message":" Folder with id 8 created.","level":"info"}
{"message":"Folder if id 8 delete.","level":"info"}
{"message":" Folder with id 9 created.","level":"info"}
{"message":" Folder with id 1 created.","level":"info"}
{"message":"Folder if id 1 delete.","level":"info"}
{"message":" Folder with id 2 created.","level":"info"}
{"message":" Folder with id 3 created.","level":"info"}
{"message":" Folder with id 4 created.","level":"info"}
{"message":" Folder with id 5 created.","level":"info"}
{"message":"Folder if id 3 delete.","level":"info"}
{"message":"Folder if id 4 delete.","level":"info"}
{"message":"Folder with id 6 not found","level":"error"}
{"message":" Folder with id 6 created.","level":"info"}
{"message":"Folder if id 6 delete.","level":"info"}
{"message":"Folder if id 2 delete.","level":"info"}
{"message":"Folder if id 5 delete.","level":"info"}
{"message":" Folder with id 7 created.","level":"info"}
{"message":" Folder with id 8 created.","level":"info"}
